Using pre-set license
Built from '2020.3/staging' branch; Version is '2020.3.0f1 (c7b5465681fb) revision 13088070'; Using compiler version '192528614'; Build Type 'Release'
OS: 'Windows 10 Pro; OS build 19042.928; Version 2009; 64bit' Language: 'pl' Physical Memory: 16267 MB
BatchMode: 1, IsHumanControllingUs: 0, StartBugReporterOnCrash: 0, Is64bit: 1, IsPro: 0

 COMMAND LINE ARGUMENTS:
C:\Program Files\Unity\Hub\Editor\2020.3.0f1\Editor\Unity.exe
-adb2
-batchMode
-noUpm
-name
AssetImportWorker0
-projectPath
D:/School/Semestr_6/[GiKCz-K] Grafika i Komunikacja Człowiek-Komputer/University-Breakout/University Breakout
-logFile
Logs/AssetImportWorker0.log
-srvPort
53645
Successfully changed project path to: D:/School/Semestr_6/[GiKCz-K] Grafika i Komunikacja Człowiek-Komputer/University-Breakout/University Breakout
D:/School/Semestr_6/[GiKCz-K] Grafika i Komunikacja Człowiek-Komputer/University-Breakout/University Breakout
Using Asset Import Pipeline V2.
Refreshing native plugins compatible for Editor in 48.99 ms, found 0 plugins.
Preloading 0 native plugins for Editor in 0.00 ms.
Initialize engine version: 2020.3.0f1 (c7b5465681fb)
[Subsystems] Discovering subsystems at path C:/Program Files/Unity/Hub/Editor/2020.3.0f1/Editor/Data/Resources/UnitySubsystems
[Subsystems] Discovering subsystems at path D:/School/Semestr_6/[GiKCz-K] Grafika i Komunikacja Człowiek-Komputer/University-Breakout/University Breakout/Assets
GfxDevice: creating device client; threaded=0
Direct3D:
    Version:  Direct3D 11.0 [level 11.1]
    Renderer: Intel(R) HD Graphics 520 (ID=0x1916)
    Vendor:   
    VRAM:     8133 MB
    Driver:   26.20.100.8142
Initialize mono
Mono path[0] = 'C:/Program Files/Unity/Hub/Editor/2020.3.0f1/Editor/Data/Managed'
Mono path[1] = 'C:/Program Files/Unity/Hub/Editor/2020.3.0f1/Editor/Data/MonoBleedingEdge/lib/mono/unityjit'
Mono config path = 'C:/Program Files/Unity/Hub/Editor/2020.3.0f1/Editor/Data/MonoBleedingEdge/etc'
Using monoOptions --debugger-agent=transport=dt_socket,embedding=1,server=y,suspend=n,address=127.0.0.1:56168
Begin MonoManager ReloadAssembly
Registering precompiled unity dll's ...
Register platform support module: C:/Program Files/Unity/Hub/Editor/2020.3.0f1/Editor/Data/PlaybackEngines/WindowsStandaloneSupport/UnityEditor.WindowsStandalone.Extensions.dll
Registered in 0.003860 seconds.
Native extension for WindowsStandalone target not found
Refreshing native plugins compatible for Editor in 51.78 ms, found 0 plugins.
Preloading 0 native plugins for Editor in 0.00 ms.
Invoked RoslynAnalysisRunner static constructor.
RoslynAnalysisRunner will not be running.
RoslynAnalysisRunner has terminated.
Mono: successfully reloaded assembly
- Completed reload, in  2.867 seconds
Platform modules already initialized, skipping
Registering precompiled user dll's ...
Registered in 0.001452 seconds.
Begin MonoManager ReloadAssembly
Native extension for WindowsStandalone target not found
Refreshing native plugins compatible for Editor in 0.39 ms, found 0 plugins.
Preloading 0 native plugins for Editor in 0.00 ms.
Invoked RoslynAnalysisRunner static constructor.
RoslynAnalysisRunner will not be running.
RoslynAnalysisRunner has terminated.
Mono: successfully reloaded assembly
- Completed reload, in  4.843 seconds
Platform modules already initialized, skipping
========================================================================
Worker process is ready to serve import requests
Launched and connected shader compiler UnityShaderCompiler.exe after 0.07 seconds
Refreshing native plugins compatible for Editor in 0.43 ms, found 0 plugins.
Preloading 0 native plugins for Editor in 0.00 ms.
Unloading 1436 Unused Serialized files (Serialized files now loaded: 0)
System memory in use before: 78.6 MB.
System memory in use after: 78.3 MB.

Unloading 13 unused Assets to reduce memory usage. Loaded Objects now: 1889.
Total: 4.188600 ms (FindLiveObjects: 0.316000 ms CreateObjectMapping: 0.097900 ms MarkObjects: 3.012500 ms  DeleteObjects: 0.760000 ms)

========================================================================
Received Import Request.
  path: Assets/Scripts/EnemyAI.cs
  artifactKey: Guid(78c4413b9264ac4459df9403c91bf3cc) Importer(815301076,1909f56bfc062723c751e8b465ee728b)
Start importing Assets/Scripts/EnemyAI.cs using Guid(78c4413b9264ac4459df9403c91bf3cc) Importer(815301076,1909f56bfc062723c751e8b465ee728b)  -> (artifact id: 'f1686d608da99a004b95af04d1015578') in 0.081400 seconds
  Import took 0.086620 seconds .

========================================================================
Received Import Request.
  Time since last request: 0.223568 seconds.
  path: Assets/Scripts/WeaponSwitcher.cs
  artifactKey: Guid(664304885e713484488716d5d8caf605) Importer(815301076,1909f56bfc062723c751e8b465ee728b)
Start importing Assets/Scripts/WeaponSwitcher.cs using Guid(664304885e713484488716d5d8caf605) Importer(815301076,1909f56bfc062723c751e8b465ee728b)  -> (artifact id: '210beeb3b3835d76118687e62b01a62b') in 0.034346 seconds
  Import took 0.038821 seconds .

========================================================================
Received Import Request.
  Time since last request: 19.261509 seconds.
  path: Assets/Scripts/Ammo.cs
  artifactKey: Guid(0288fc3e2443d6340a05f6bfe5d1f4f0) Importer(815301076,1909f56bfc062723c751e8b465ee728b)
Start importing Assets/Scripts/Ammo.cs using Guid(0288fc3e2443d6340a05f6bfe5d1f4f0) Importer(815301076,1909f56bfc062723c751e8b465ee728b)  -> (artifact id: 'bf24d905ecd117b6442806d1c226c0f1') in 0.024951 seconds
  Import took 0.029687 seconds .

========================================================================
Received Import Request.
  Time since last request: 0.005273 seconds.
  path: Assets/Scripts/Ammo.cs
  artifactKey: Guid(0288fc3e2443d6340a05f6bfe5d1f4f0) Importer(815301076,1909f56bfc062723c751e8b465ee728b)
Start importing Assets/Scripts/Ammo.cs using Guid(0288fc3e2443d6340a05f6bfe5d1f4f0) Importer(815301076,1909f56bfc062723c751e8b465ee728b)  -> (artifact id: 'bf24d905ecd117b6442806d1c226c0f1') in 0.018016 seconds
  Import took 0.022486 seconds .

========================================================================
Received Prepare
Registering precompiled user dll's ...
Registered in 0.001189 seconds.
Begin MonoManager ReloadAssembly
Native extension for WindowsStandalone target not found
Refreshing native plugins compatible for Editor in 0.65 ms, found 0 plugins.
Preloading 0 native plugins for Editor in 0.00 ms.
Invoked RoslynAnalysisRunner static constructor.
RoslynAnalysisRunner will not be running.
RoslynAnalysisRunner has terminated.
Mono: successfully reloaded assembly
- Completed reload, in  1.129 seconds
Platform modules already initialized, skipping
Refreshing native plugins compatible for Editor in 0.46 ms, found 0 plugins.
Preloading 0 native plugins for Editor in 0.00 ms.
Unloading 1399 Unused Serialized files (Serialized files now loaded: 0)
System memory in use before: 76.1 MB.
System memory in use after: 75.8 MB.

Unloading 8 unused Assets to reduce memory usage. Loaded Objects now: 1893.
Total: 5.711500 ms (FindLiveObjects: 2.124100 ms CreateObjectMapping: 0.307400 ms MarkObjects: 2.648000 ms  DeleteObjects: 0.630200 ms)

========================================================================
Received Import Request.
  Time since last request: 70.622592 seconds.
  path: Assets/Scripts/Ammo.cs
  artifactKey: Guid(0288fc3e2443d6340a05f6bfe5d1f4f0) Importer(815301076,1909f56bfc062723c751e8b465ee728b)
Start importing Assets/Scripts/Ammo.cs using Guid(0288fc3e2443d6340a05f6bfe5d1f4f0) Importer(815301076,1909f56bfc062723c751e8b465ee728b)  -> (artifact id: '1c25463e708e6c111f6eeb1bbe859c95') in 0.015116 seconds
  Import took 0.019587 seconds .

========================================================================
Received Prepare
Registering precompiled user dll's ...
Registered in 0.063600 seconds.
Begin MonoManager ReloadAssembly
Native extension for WindowsStandalone target not found
Refreshing native plugins compatible for Editor in 0.37 ms, found 0 plugins.
Preloading 0 native plugins for Editor in 0.00 ms.
Invoked RoslynAnalysisRunner static constructor.
RoslynAnalysisRunner will not be running.
RoslynAnalysisRunner has terminated.
Mono: successfully reloaded assembly
- Completed reload, in  5.380 seconds
Platform modules already initialized, skipping
Refreshing native plugins compatible for Editor in 0.34 ms, found 0 plugins.
Preloading 0 native plugins for Editor in 0.00 ms.
Unloading 1398 Unused Serialized files (Serialized files now loaded: 0)
System memory in use before: 76.1 MB.
System memory in use after: 75.8 MB.

Unloading 8 unused Assets to reduce memory usage. Loaded Objects now: 1896.
Total: 3.792300 ms (FindLiveObjects: 0.286600 ms CreateObjectMapping: 0.140700 ms MarkObjects: 2.702600 ms  DeleteObjects: 0.659900 ms)

AssetImportWorkerClient::OnTransportError - code=2 error=End of file
